<?xml version="1.0" encoding="UTF-8"?>
<!-- Generated by org.testng.reporters.JUnitXMLReporter -->
<testsuite ignored="0" hostname="LAPTOP-10210QQU" failures="0" tests="5" name="ChromeTest" time="21.733" errors="0" timestamp="2023-02-02T22:26:52 IST">
  <testcase classname="testClasses.TC_001_LoginTestClass" name="login" time="1.158"/>
  <testcase classname="testClasses.Tc_002_AllProducts" name="VerifyAllProduct" time="0.973"/>
  <testcase classname="testClasses.TC_003_VerifyLogoutFunctionality" name="Logout" time="0.924"/>
  <testcase classname="testClasses.TC_004_VerifySortByFunctionality" name="sortby" time="0.816"/>
  <testcase classname="testClasses.TC_005_VerifyCart" name="sortby" time="0.483"/>
</testsuite> <!-- ChromeTest -->
