<?xml version="1.0" encoding="UTF-8"?>
<!-- Generated by org.testng.reporters.JUnitXMLReporter -->
<testsuite ignored="0" hostname="LAPTOP-10210QQU" failures="0" tests="5" name="EdgeTest" time="19.407" errors="0" timestamp="2023-02-02T22:27:12 IST">
  <testcase classname="testClasses.TC_006_VerifyRemoveFuctionality" name="VerifyRemove" time="1.129"/>
  <testcase classname="testClasses.TC_007_VerifyContinueShopping" name="Continueshopping" time="0.926"/>
  <testcase classname="testClasses.TC_008_VerifyCheckoutFunction" name="Checkout" time="1.225"/>
  <testcase classname="testClasses.TC_009_FillInformationAndContinue" name="FillCheckout" time="1.329"/>
  <testcase classname="testClasses.TC_010_VerifyThankYou" name="ThankYou" time="1.506"/>
</testsuite> <!-- EdgeTest -->
